<?xml version="1.0" encoding="UTF-8" ?>
<testsuites>
  <testsuite errors="0" failures="1" id="0" name="Blog" package="test.wordpress" tests="5" time="132.357">
    <testcase classname="test.wordpress.Blog" name="testVerifyFormatInNewPost" time="16.203" />
    <testcase classname="test.wordpress.Blog" name="testVerifyPost" time="22.168">
      <failure message="junit.framework.AssertionFailedError: The text: Hello world! is not found!" type="junit.framework.AssertionFailedError">junit.framework.AssertionFailedError: The text: Hello world! is not found!
	at junit.framework.Assert.fail(Assert.java:47)
	at org.imaginea.botbot.keywords.BaseKeywordDefinitions.invoker(Unknown Source)
	at org.imaginea.botbot.keywords.RobotiumKeywordDefinition.execute(Unknown Source)
	at org.imaginea.botbot.keywords.KeywordCaller.execute(Unknown Source)
	at org.imaginea.botbot.common.AndroFrameworkExecutor.execute(Unknown Source)
	at org.imaginea.botbot.common.AndroFrameworkExecutor.androExecutor(Unknown Source)
	at test.wordpress.Blog.testVerifyPost(Unknown Source)
	at java.lang.reflect.Method.invokeNative(Native Method)
	at java.lang.reflect.Method.invoke(Method.java:511)
	at android.test.InstrumentationTestCase.runMethod(InstrumentationTestCase.java:214)
	at android.test.InstrumentationTestCase.runTest(InstrumentationTestCase.java:199)
	at android.test.ActivityInstrumentationTestCase2.runTest(ActivityInstrumentationTestCase2.java:186)
	at junit.framework.TestCase.runBare(TestCase.java:127)
	at junit.framework.TestResult$1.protect(TestResult.java:106)
	at junit.framework.TestResult.runProtected(TestResult.java:124)
	at junit.framework.TestResult.run(TestResult.java:109)
	at junit.framework.TestCase.run(TestCase.java:118)
	at android.test.AndroidTestRunner.runTest(AndroidTestRunner.java:169)
	at android.test.AndroidTestRunner.runTest(AndroidTestRunner.java:154)
	at android.test.InstrumentationTestRunner.onStart(InstrumentationTestRunner.java:537)
	at android.app.Instrumentation$InstrumentationThread.run(Instrumentation.java:1551)
</failure>
    </testcase>
    <testcase classname="test.wordpress.Blog" name="testCreateNewPost" time="70.838" />
    <testcase classname="test.wordpress.Blog" name="testVerifymenu" time="9.318" />
    <testcase classname="test.wordpress.Blog" name="testVerifystatusInNewPost" time="13.663" />
  </testsuite>
  <testsuite errors="0" failures="0" id="1" name="CreateNewPost" package="test.wordpress.datadriven" tests="3" time="62.060">
    <testcase classname="test.wordpress.datadriven.CreateNewPost" name="CreateNewPost3" time="20.959" />
    <testcase classname="test.wordpress.datadriven.CreateNewPost" name="testcasename2" time="19.935" />
    <testcase classname="test.wordpress.datadriven.CreateNewPost" name="testcasename1" time="20.814" />
  </testsuite>
</testsuites>
